# JRE version: Java(TM) SE Runtime Environment (8.0_45-b14) (build 1.8.0_45-b14)
# Java VM: Java HotSpot(TM) 64-Bit Server VM (25.45-b02 mixed mode bsd-amd64 compressed oops)
Heap:
 PSYoungGen      total 88576K, used 14197K [0x0000000795580000, 0x000000079bf80000, 0x00000007c0000000)
  eden space 83456K, 10% used [0x0000000795580000,0x0000000795e61720,0x000000079a700000)
  from space 5120K, 99% used [0x000000079ba80000,0x000000079bf7bea8,0x000000079bf80000)
  to   space 5120K, 0% used [0x000000079b580000,0x000000079b580000,0x000000079ba80000)
 ParOldGen       total 279552K, used 189743K [0x0000000740000000, 0x0000000751100000, 0x0000000795580000)
  object space 279552K, 67% used [0x0000000740000000,0x000000074b94bcf8,0x0000000751100000)
 Metaspace       used 4532K, capacity 4952K, committed 5248K, reserved 1056768K
  class space    used 504K, capacity 570K, committed 640K, reserved 1048576K
GC Heap History (10 events):
Event: 0.287 GC heap before
{Heap before GC invocations=2 (full 0):
 PSYoungGen      total 38400K, used 38375K [0x0000000795580000, 0x000000079a080000, 0x00000007c0000000)
  eden space 33280K, 100% used [0x0000000795580000,0x0000000797600000,0x0000000797600000)
  from space 5120K, 99% used [0x0000000797600000,0x0000000797af9c90,0x0000000797b00000)
  to   space 5120K, 0% used [0x0000000799b80000,0x0000000799b80000,0x000000079a080000)
 ParOldGen       total 87552K, used 28560K [0x0000000740000000, 0x0000000745580000, 0x0000000795580000)
  object space 87552K, 32% used [0x0000000740000000,0x0000000741be42d8,0x0000000745580000)
 Metaspace       used 3195K, capacity 4664K, committed 4864K, reserved 1056768K
  class space    used 341K, capacity 424K, committed 512K, reserved 1048576K
Event: 0.313 GC heap after
Heap after GC invocations=2 (full 0):
 PSYoungGen      total 71680K, used 5095K [0x0000000795580000, 0x000000079a080000, 0x00000007c0000000)
  eden space 66560K, 0% used [0x0000000795580000,0x0000000795580000,0x0000000799680000)
  from space 5120K, 99% used [0x0000000799b80000,0x000000079a079c70,0x000000079a080000)
  to   space 5120K, 0% used [0x0000000799680000,0x0000000799680000,0x0000000799b80000)
 ParOldGen       total 87552K, used 61688K [0x0000000740000000, 0x0000000745580000, 0x0000000795580000)
  object space 87552K, 70% used [0x0000000740000000,0x0000000743c3e2d8,0x0000000745580000)
 Metaspace       used 3195K, capacity 4664K, committed 4864K, reserved 1056768K
  class space    used 341K, capacity 424K, committed 512K, reserved 1048576K
}
Event: 0.313 GC heap before
{Heap before GC invocations=3 (full 1):
 PSYoungGen      total 71680K, used 5095K [0x0000000795580000, 0x000000079a080000, 0x00000007c0000000)
  eden space 66560K, 0% used [0x0000000795580000,0x0000000795580000,0x0000000799680000)
  from space 5120K, 99% used [0x0000000799b80000,0x000000079a079c70,0x000000079a080000)
  to   space 5120K, 0% used [0x0000000799680000,0x0000000799680000,0x0000000799b80000)
 ParOldGen       total 87552K, used 61688K [0x0000000740000000, 0x0000000745580000, 0x0000000795580000)
  object space 87552K, 70% used [0x0000000740000000,0x0000000743c3e2d8,0x0000000745580000)
 Metaspace       used 3195K, capacity 4664K, committed 4864K, reserved 1056768K
  class space    used 341K, capacity 424K, committed 512K, reserved 1048576K
Event: 0.404 GC heap after
Heap after GC invocations=3 (full 1):
 PSYoungGen      total 71680K, used 0K [0x0000000795580000, 0x000000079a080000, 0x00000007c0000000)
  eden space 66560K, 0% used [0x0000000795580000,0x0000000795580000,0x0000000799680000)
  from space 5120K, 0% used [0x0000000799b80000,0x0000000799b80000,0x000000079a080000)
  to   space 5120K, 0% used [0x0000000799680000,0x0000000799680000,0x0000000799b80000)
 ParOldGen       total 147968K, used 62295K [0x0000000740000000, 0x0000000749080000, 0x0000000795580000)
  object space 147968K, 42% used [0x0000000740000000,0x0000000743cd5d88,0x0000000749080000)
 Metaspace       used 3195K, capacity 4664K, committed 4864K, reserved 1056768K
  class space    used 341K, capacity 424K, committed 512K, reserved 1048576K
}
Event: 0.491 GC heap before
{Heap before GC invocations=4 (full 1):
 PSYoungGen      total 71680K, used 66560K [0x0000000795580000, 0x000000079a080000, 0x00000007c0000000)
  eden space 66560K, 100% used [0x0000000795580000,0x0000000799680000,0x0000000799680000)
  from space 5120K, 0% used [0x0000000799b80000,0x0000000799b80000,0x000000079a080000)
  to   space 5120K, 0% used [0x0000000799680000,0x0000000799680000,0x0000000799b80000)
 ParOldGen       total 147968K, used 62295K [0x0000000740000000, 0x0000000749080000, 0x0000000795580000)
  object space 147968K, 42% used [0x0000000740000000,0x0000000743cd5d88,0x0000000749080000)
 Metaspace       used 3195K, capacity 4664K, committed 4864K, reserved 1056768K
  class space    used 341K, capacity 424K, committed 512K, reserved 1048576K
Event: 0.540 GC heap after
Heap after GC invocations=4 (full 1):
 PSYoungGen      total 71680K, used 5111K [0x0000000795580000, 0x000000079bf80000, 0x00000007c0000000)
  eden space 66560K, 0% used [0x0000000795580000,0x0000000795580000,0x0000000799680000)
  from space 5120K, 99% used [0x0000000799680000,0x0000000799b7dfa0,0x0000000799b80000)
  to   space 5120K, 0% used [0x000000079ba80000,0x000000079ba80000,0x000000079bf80000)
 ParOldGen       total 147968K, used 123375K [0x0000000740000000, 0x0000000749080000, 0x0000000795580000)
  object space 147968K, 83% used [0x0000000740000000,0x000000074787bd88,0x0000000749080000)
 Metaspace       used 3195K, capacity 4664K, committed 4864K, reserved 1056768K
  class space    used 341K, capacity 424K, committed 512K, reserved 1048576K
}
Event: 0.540 GC heap before
{Heap before GC invocations=5 (full 2):
 PSYoungGen      total 71680K, used 5111K [0x0000000795580000, 0x000000079bf80000, 0x00000007c0000000)
  eden space 66560K, 0% used [0x0000000795580000,0x0000000795580000,0x0000000799680000)
  from space 5120K, 99% used [0x0000000799680000,0x0000000799b7dfa0,0x0000000799b80000)
  to   space 5120K, 0% used [0x000000079ba80000,0x000000079ba80000,0x000000079bf80000)
 ParOldGen       total 147968K, used 123375K [0x0000000740000000, 0x0000000749080000, 0x0000000795580000)
  object space 147968K, 83% used [0x0000000740000000,0x000000074787bd88,0x0000000749080000)
 Metaspace       used 3195K, capacity 4664K, committed 4864K, reserved 1056768K
  class space    used 341K, capacity 424K, committed 512K, reserved 1048576K
Event: 1.154 GC heap after
Heap after GC invocations=5 (full 2):
 PSYoungGen      total 71680K, used 0K [0x0000000795580000, 0x000000079bf80000, 0x00000007c0000000)
  eden space 66560K, 0% used [0x0000000795580000,0x0000000795580000,0x0000000799680000)
  from space 5120K, 0% used [0x0000000799680000,0x0000000799680000,0x0000000799b80000)
  to   space 5120K, 0% used [0x000000079ba80000,0x000000079ba80000,0x000000079bf80000)
 ParOldGen       total 279552K, used 128089K [0x0000000740000000, 0x0000000751100000, 0x0000000795580000)
  object space 279552K, 45% used [0x0000000740000000,0x0000000747d16618,0x0000000751100000)
 Metaspace       used 3195K, capacity 4664K, committed 4864K, reserved 1056768K
  class space    used 341K, capacity 424K, committed 512K, reserved 1048576K
}
Event: 1.202 GC heap before
{Heap before GC invocations=6 (full 2):
 PSYoungGen      total 71680K, used 66540K [0x0000000795580000, 0x000000079bf80000, 0x00000007c0000000)
  eden space 66560K, 99% used [0x0000000795580000,0x000000079967b0b8,0x0000000799680000)
  from space 5120K, 0% used [0x0000000799680000,0x0000000799680000,0x0000000799b80000)
  to   space 5120K, 0% used [0x000000079ba80000,0x000000079ba80000,0x000000079bf80000)
 ParOldGen       total 279552K, used 128089K [0x0000000740000000, 0x0000000751100000, 0x0000000795580000)
  object space 279552K, 45% used [0x0000000740000000,0x0000000747d16618,0x0000000751100000)
 Metaspace       used 3197K, capacity 4664K, committed 4864K, reserved 1056768K
  class space    used 342K, capacity 424K, committed 512K, reserved 1048576K
Event: 1.255 GC heap after
Heap after GC invocations=6 (full 2):
 PSYoungGen      total 88576K, used 5103K [0x0000000795580000, 0x000000079bf80000, 0x00000007c0000000)
  eden space 83456K, 0% used [0x0000000795580000,0x0000000795580000,0x000000079a700000)
  from space 5120K, 99% used [0x000000079ba80000,0x000000079bf7bea8,0x000000079bf80000)
  to   space 5120K, 0% used [0x000000079b580000,0x000000079b580000,0x000000079ba80000)
 ParOldGen       total 279552K, used 189743K [0x0000000740000000, 0x0000000751100000, 0x0000000795580000)
  object space 279552K, 67% used [0x0000000740000000,0x000000074b94bcf8,0x0000000751100000)
 Metaspace       used 3197K, capacity 4664K, committed 4864K, reserved 1056768K
  class space    used 342K, capacity 424K, committed 512K, reserved 1048576K
}

